<?xml version="1.0" encoding="UTF-8"?>
<testng-results ignored="0" total="3" passed="3" failed="0" skipped="0">
  <reporter-output>
  </reporter-output>
  <suite started-at="2022-07-09T15:08:14 IST" name="Default suite" finished-at="2022-07-09T15:08:25 IST" duration-ms="10485">
    <groups>
    </groups>
    <test started-at="2022-07-09T15:08:14 IST" name="Default test" finished-at="2022-07-09T15:08:25 IST" duration-ms="10485">
      <class name="Tests.test_001">
        <test-method signature="first_test()[pri:0, instance:Tests.test_001@28f2a10f]" started-at="2022-07-09T15:08:14 IST" name="first_test" finished-at="2022-07-09T15:08:21 IST" duration-ms="6824" status="PASS">
          <reporter-output>
          </reporter-output>
        </test-method> <!-- first_test -->
        <test-method signature="post_request()[pri:0, instance:Tests.test_001@28f2a10f]" started-at="2022-07-09T15:08:21 IST" name="post_request" finished-at="2022-07-09T15:08:22 IST" duration-ms="673" status="PASS">
          <reporter-output>
          </reporter-output>
        </test-method> <!-- post_request -->
        <test-method signature="second_test()[pri:0, instance:Tests.test_001@28f2a10f]" started-at="2022-07-09T15:08:22 IST" name="second_test" finished-at="2022-07-09T15:08:25 IST" duration-ms="2935" status="PASS">
          <reporter-output>
          </reporter-output>
        </test-method> <!-- second_test -->
      </class> <!-- Tests.test_001 -->
    </test> <!-- Default test -->
  </suite> <!-- Default suite -->
</testng-results>
