<?xml version="1.0" encoding="UTF-8"?>
<testng-results ignored="0" total="1" passed="1" failed="0" skipped="0">
  <reporter-output>
  </reporter-output>
  <suite started-at="2022-07-06T17:03:23 IST" name="Default suite" finished-at="2022-07-06T17:03:26 IST" duration-ms="2463">
    <groups>
    </groups>
    <test started-at="2022-07-06T17:03:23 IST" name="Default test" finished-at="2022-07-06T17:03:26 IST" duration-ms="2463">
      <class name="Tests.JSON_Schma_Validator_004">
        <test-method signature="json_SchemaValidator()[pri:0, instance:Tests.JSON_Schma_Validator_004@6da21078]" started-at="2022-07-06T17:03:23 IST" name="json_SchemaValidator" finished-at="2022-07-06T17:03:26 IST" duration-ms="2426" status="PASS">
          <reporter-output>
          </reporter-output>
        </test-method> <!-- json_SchemaValidator -->
      </class> <!-- Tests.JSON_Schma_Validator_004 -->
    </test> <!-- Default test -->
  </suite> <!-- Default suite -->
</testng-results>
