<?xml version="1.0" encoding="UTF-8"?>
<!-- Generated by org.testng.reporters.JUnitXMLReporter -->
<testsuite ignored="0" hostname="LAPTOP-P3VHC49B" failures="0" tests="5" name="Default test" time="1.624" errors="0" timestamp="2022-07-05T14:45:12 IST">
  <testcase classname="Tests.TestOnLocalAPIs_003" name="deleteRequest" time="1.324"/>
  <testcase classname="Tests.TestOnLocalAPIs_003" name="getRequest" time="0.123"/>
  <testcase classname="Tests.TestOnLocalAPIs_003" name="patchRequest" time="0.059"/>
  <testcase classname="Tests.TestOnLocalAPIs_003" name="postRequest" time="0.047"/>
  <testcase classname="Tests.TestOnLocalAPIs_003" name="putRequest" time="0.029"/>
</testsuite> <!-- Default test -->
