<?xml version="1.0" encoding="UTF-8"?>
<!-- Generated by org.testng.reporters.JUnitXMLReporter -->
<testsuite ignored="0" hostname="LAPTOP-P3VHC49B" failures="0" tests="3" name="Default test" time="10.485" errors="0" timestamp="2022-07-09T15:08:25 IST">
  <testcase classname="Tests.test_001" name="first_test" time="6.824"/>
  <testcase classname="Tests.test_001" name="post_request" time="0.673"/>
  <testcase classname="Tests.test_001" name="second_test" time="2.935"/>
</testsuite> <!-- Default test -->
